<?xml version="1.0" encoding="UTF-8"?>
<!-- Generated by org.testng.reporters.JUnitReportReporter -->
<testsuite hostname="tester-VirtualBox" name="unittesting.parcijalni.Zadatak1" tests="2" failures="0" timestamp="1 Jun 2022 10:40:27 GMT" time="0.027" errors="0">
  <testcase name="testCalucalteAmountFalse" time="0.004" classname="unittesting.parcijalni.Zadatak1"/>
  <testcase name="testCalculateAmount" time="0.023" classname="unittesting.parcijalni.Zadatak1"/>
</testsuite> <!-- unittesting.parcijalni.Zadatak1 -->
