<?xml version="1.0" encoding="UTF-8"?>
<!-- Generated by org.testng.reporters.JUnitReportReporter -->
<testsuite hostname="tester-VirtualBox" name="unittesting.kolokvijum.Zadatak3" tests="1" failures="0" timestamp="1 Jun 2022 10:09:57 GMT" time="0.373" errors="0">
  <testcase name="testTryPIN" time="0.373" classname="unittesting.kolokvijum.Zadatak3"/>
</testsuite> <!-- unittesting.kolokvijum.Zadatak3 -->
