<?xml version="1.0" encoding="UTF-8"?>
<!-- Generated by org.testng.reporters.JUnitReportReporter -->
<testsuite hostname="tester-VirtualBox" name="unittesting.parcijalni.Zadatak3" tests="1" failures="0" timestamp="1 Jun 2022 10:42:42 GMT" time="0.277" errors="0">
  <testcase name="testTryPinDoesntMatch" time="0.277" classname="unittesting.parcijalni.Zadatak3"/>
</testsuite> <!-- unittesting.parcijalni.Zadatak3 -->
