<?xml version="1.0" encoding="UTF-8"?>
<!-- Generated by org.testng.reporters.JUnitReportReporter -->
<testsuite hostname="tester-VirtualBox" name="unittesting.kolokvijum.Zadatak2" tests="2" failures="0" timestamp="1 Jun 2022 10:09:48 GMT" time="0.032" errors="0">
  <testcase name="testTransaction" time="0.032" classname="unittesting.kolokvijum.Zadatak2"/>
  <testcase name="testTransaction" time="0.000" classname="unittesting.kolokvijum.Zadatak2"/>
</testsuite> <!-- unittesting.kolokvijum.Zadatak2 -->
