<?xml version="1.0" encoding="UTF-8"?>
<!-- Generated by org.testng.reporters.JUnitReportReporter -->
<testsuite hostname="tester-VirtualBox" name="unittesting.parcijalni.Zadatak2" tests="2" failures="0" timestamp="1 Jun 2022 10:41:08 GMT" time="0.022" errors="0">
  <testcase name="testTransaction" time="0.000" classname="unittesting.parcijalni.Zadatak2"/>
  <testcase name="testTransaction" time="0.022" classname="unittesting.parcijalni.Zadatak2"/>
</testsuite> <!-- unittesting.parcijalni.Zadatak2 -->
