<?xml version="1.0" encoding="UTF-8"?>
<!-- Generated by org.testng.reporters.JUnitReportReporter -->
<testsuite hostname="tester-VirtualBox" name="unittesting.kolokvijum.Zadatak1" tests="2" failures="0" timestamp="1 Jun 2022 09:59:56 GMT" time="0.036" errors="0">
  <testcase name="testCalculateInterestWithFalse" time="0.000" classname="unittesting.kolokvijum.Zadatak1"/>
  <testcase name="testCalculateInterestWithEquals" time="0.036" classname="unittesting.kolokvijum.Zadatak1"/>
</testsuite> <!-- unittesting.kolokvijum.Zadatak1 -->
