<?xml version="1.0" encoding="UTF-8"?>
<!-- Generated by org.testng.reporters.JUnitReportReporter -->
<testsuite hostname="Minas-MacBook-Pro.local" name="tests.InteractionExample1" tests="1" failures="0" timestamp="19 Oct 2021 10:24:43 GMT" time="4.991" errors="0">
  <testcase name="interaction" time="4.991" classname="tests.InteractionExample1"/>
</testsuite> <!-- tests.InteractionExample1 -->
