<?xml version="1.0" encoding="UTF-8"?>
<!-- Generated by org.testng.reporters.JUnitReportReporter -->
<testsuite hostname="Minas-MacBook-Pro.local" name="tests.InteractionExample2" tests="1" failures="0" timestamp="19 Oct 2021 10:29:59 GMT" time="0.183" errors="0">
  <testcase name="interaction" time="0.183" classname="tests.InteractionExample2"/>
</testsuite> <!-- tests.InteractionExample2 -->
